GowinSynthesis start
Running parser ...
Analyzing Verilog file '/home/merllab/Desktop/HDMI_take2/pll/src/gowin_rpll/gowin_rpll.v'
Analyzing Verilog file '/home/merllab/Desktop/HDMI_take2/pll/src/svo_tmds.v'
Analyzing Verilog file '/home/merllab/Desktop/HDMI_take2/pll/src/top.v'
Compiling module 'TMDS_encoder'("/home/merllab/Desktop/HDMI_take2/pll/src/top.v":65)
NOTE  (EX0101) : Current top module is "TMDS_encoder"
[5%] Running netlist conversion ...
Running device independent optimization ...
[10%] Optimizing Phase 0 completed
[15%] Optimizing Phase 1 completed
[25%] Optimizing Phase 2 completed
Running inference ...
[30%] Inferring Phase 0 completed
[40%] Inferring Phase 1 completed
[50%] Inferring Phase 2 completed
[55%] Inferring Phase 3 completed
Running technical mapping ...
[60%] Tech-Mapping Phase 0 completed
[65%] Tech-Mapping Phase 1 completed
[75%] Tech-Mapping Phase 2 completed
[80%] Tech-Mapping Phase 3 completed
[90%] Tech-Mapping Phase 4 completed
[95%] Generate netlist file "/home/merllab/Desktop/HDMI_take2/pll/impl/gwsynthesis/pll.vg" completed
[100%] Generate report file "/home/merllab/Desktop/HDMI_take2/pll/impl/gwsynthesis/pll_syn.rpt.html" completed
GowinSynthesis finish
