Reading netlist file: "/home/merllab/Desktop/HDMI_take2/pll/impl/gwsynthesis/pll.vg"
Parsing netlist file "/home/merllab/Desktop/HDMI_take2/pll/impl/gwsynthesis/pll.vg" completed
Processing netlist completed
Running placement......
[10%] Placement Phase 0 completed
[20%] Placement Phase 1 completed
[30%] Placement Phase 2 completed
[50%] Placement Phase 3 completed
Running routing......
[60%] Routing Phase 0 completed
[70%] Routing Phase 1 completed
[80%] Routing Phase 2 completed
[90%] Routing Phase 3 completed
Running timing analysis......
[95%] Timing analysis completed
Placement and routing completed
Bitstream generation in progress......
Bitstream generation completed
Running power analysis......
[100%] Power analysis completed
Generate file "/home/merllab/Desktop/HDMI_take2/pll/impl/pnr/pll.power.html" completed
Generate file "/home/merllab/Desktop/HDMI_take2/pll/impl/pnr/pll.pin.html" completed
Generate file "/home/merllab/Desktop/HDMI_take2/pll/impl/pnr/pll.rpt.html" completed
Generate file "/home/merllab/Desktop/HDMI_take2/pll/impl/pnr/pll.rpt.txt" completed
Generate file "/home/merllab/Desktop/HDMI_take2/pll/impl/pnr/pll.tr.html" completed
Tue Sep  5 19:42:24 2023

